\BOOKMARK [0][-]{chapter.1}{Introduction}{}% 1
\BOOKMARK [0][-]{chapter.2}{Overview of Neural Networks}{}% 2
\BOOKMARK [1][-]{section.2.1}{Neurons}{chapter.2}% 3
\BOOKMARK [1][-]{section.2.2}{Activation Functions}{chapter.2}% 4
\BOOKMARK [2][-]{subsection.2.2.1}{Rectified Linear Unit}{section.2.2}% 5
\BOOKMARK [2][-]{subsection.2.2.2}{Sigmoid}{section.2.2}% 6
\BOOKMARK [2][-]{subsection.2.2.3}{Hyperbolic tangent}{section.2.2}% 7
\BOOKMARK [1][-]{section.2.3}{Backpropagation}{chapter.2}% 8
\BOOKMARK [1][-]{section.2.4}{ARIMA}{chapter.2}% 9
\BOOKMARK [1][-]{section.2.5}{Testing some math}{chapter.2}% 10
\BOOKMARK [1][-]{section.2.6}{Testing citations}{chapter.2}% 11
\BOOKMARK [0][-]{chapter.3}{Methodology}{}% 12
\BOOKMARK [1][-]{section.3.1}{Time-Series Forecasting}{chapter.3}% 13
\BOOKMARK [1][-]{section.3.2}{ARIMA}{chapter.3}% 14
\BOOKMARK [1][-]{section.3.3}{Model Description}{chapter.3}% 15
\BOOKMARK [0][-]{chapter.4}{Results}{}% 16
\BOOKMARK [1][-]{section.4.1}{Dataset}{chapter.4}% 17
\BOOKMARK [1][-]{section.4.2}{Evaluation Metrics}{chapter.4}% 18
\BOOKMARK [1][-]{section.4.3}{Results}{chapter.4}% 19
\BOOKMARK [0][-]{chapter.5}{Conclusions}{}% 20
